# JRE version: Java(TM) SE Runtime Environment (8.0_77-b03) (build 1.8.0_77-b03)
# Java VM: Java HotSpot(TM) 64-Bit Server VM (25.77-b03 mixed mode windows-amd64 compressed oops)
Heap:
 PSYoungGen      total 88064K, used 20222K [0x00000000eab00000, 0x00000000f0c00000, 0x0000000100000000)
  eden space 81920K, 20% used [0x00000000eab00000,0x00000000ebb40a20,0x00000000efb00000)
  from space 6144K, 58% used [0x00000000f0600000,0x00000000f097efa8,0x00000000f0c00000)
  to   space 8704K, 0% used [0x00000000efb00000,0x00000000efb00000,0x00000000f0380000)
 ParOldGen       total 47104K, used 11536K [0x00000000c0000000, 0x00000000c2e00000, 0x00000000eab00000)
  object space 47104K, 24% used [0x00000000c0000000,0x00000000c0b44108,0x00000000c2e00000)
 Metaspace       used 28334K, capacity 28766K, committed 29056K, reserved 1075200K
  class space    used 3801K, capacity 3940K, committed 3968K, reserved 1048576K
GC Heap History (10 events):
Event: 8.303 GC heap before
{Heap before GC invocations=5 (full 0):
 PSYoungGen      total 28160K, used 28144K [0x00000000eab00000, 0x00000000eca00000, 0x0000000100000000)
  eden space 24576K, 100% used [0x00000000eab00000,0x00000000ec300000,0x00000000ec300000)
  from space 3584K, 99% used [0x00000000ec680000,0x00000000ec9fc010,0x00000000eca00000)
  to   space 3584K, 0% used [0x00000000ec300000,0x00000000ec300000,0x00000000ec680000)
 ParOldGen       total 64512K, used 7895K [0x00000000c0000000, 0x00000000c3f00000, 0x00000000eab00000)
  object space 64512K, 12% used [0x00000000c0000000,0x00000000c07b5fe8,0x00000000c3f00000)
 Metaspace       used 20651K, capacity 20946K, committed 21120K, reserved 1067008K
  class space    used 2770K, capacity 2874K, committed 2944K, reserved 1048576K
Event: 8.321 GC heap after
Heap after GC invocations=5 (full 0):
 PSYoungGen      total 28160K, used 3552K [0x00000000eab00000, 0x00000000eed00000, 0x0000000100000000)
  eden space 24576K, 0% used [0x00000000eab00000,0x00000000eab00000,0x00000000ec300000)
  from space 3584K, 99% used [0x00000000ec300000,0x00000000ec678020,0x00000000ec680000)
  to   space 9216K, 0% used [0x00000000ee400000,0x00000000ee400000,0x00000000eed00000)
 ParOldGen       total 64512K, used 11456K [0x00000000c0000000, 0x00000000c3f00000, 0x00000000eab00000)
  object space 64512K, 17% used [0x00000000c0000000,0x00000000c0b30120,0x00000000c3f00000)
 Metaspace       used 20651K, capacity 20946K, committed 21120K, reserved 1067008K
  class space    used 2770K, capacity 2874K, committed 2944K, reserved 1048576K
}
Event: 8.558 GC heap before
{Heap before GC invocations=6 (full 0):
 PSYoungGen      total 28160K, used 9878K [0x00000000eab00000, 0x00000000eed00000, 0x0000000100000000)
  eden space 24576K, 25% used [0x00000000eab00000,0x00000000eb12da78,0x00000000ec300000)
  from space 3584K, 99% used [0x00000000ec300000,0x00000000ec678020,0x00000000ec680000)
  to   space 9216K, 0% used [0x00000000ee400000,0x00000000ee400000,0x00000000eed00000)
 ParOldGen       total 64512K, used 11456K [0x00000000c0000000, 0x00000000c3f00000, 0x00000000eab00000)
  object space 64512K, 17% used [0x00000000c0000000,0x00000000c0b30120,0x00000000c3f00000)
 Metaspace       used 20911K, capacity 21212K, committed 21296K, reserved 1067008K
  class space    used 2818K, capacity 2940K, committed 2944K, reserved 1048576K
Event: 8.627 GC heap after
Heap after GC invocations=6 (full 0):
 PSYoungGen      total 58368K, used 4160K [0x00000000eab00000, 0x00000000eed00000, 0x0000000100000000)
  eden space 49152K, 0% used [0x00000000eab00000,0x00000000eab00000,0x00000000edb00000)
  from space 9216K, 45% used [0x00000000ee400000,0x00000000ee810030,0x00000000eed00000)
  to   space 9216K, 0% used [0x00000000edb00000,0x00000000edb00000,0x00000000ee400000)
 ParOldGen       total 64512K, used 11456K [0x00000000c0000000, 0x00000000c3f00000, 0x00000000eab00000)
  object space 64512K, 17% used [0x00000000c0000000,0x00000000c0b30120,0x00000000c3f00000)
 Metaspace       used 20911K, capacity 21212K, committed 21296K, reserved 1067008K
  class space    used 2818K, capacity 2940K, committed 2944K, reserved 1048576K
}
Event: 8.627 GC heap before
{Heap before GC invocations=7 (full 1):
 PSYoungGen      total 58368K, used 4160K [0x00000000eab00000, 0x00000000eed00000, 0x0000000100000000)
  eden space 49152K, 0% used [0x00000000eab00000,0x00000000eab00000,0x00000000edb00000)
  from space 9216K, 45% used [0x00000000ee400000,0x00000000ee810030,0x00000000eed00000)
  to   space 9216K, 0% used [0x00000000edb00000,0x00000000edb00000,0x00000000ee400000)
 ParOldGen       total 64512K, used 11456K [0x00000000c0000000, 0x00000000c3f00000, 0x00000000eab00000)
  object space 64512K, 17% used [0x00000000c0000000,0x00000000c0b30120,0x00000000c3f00000)
 Metaspace       used 20911K, capacity 21212K, committed 21296K, reserved 1067008K
  class space    used 2818K, capacity 2940K, committed 2944K, reserved 1048576K
Event: 8.799 GC heap after
Heap after GC invocations=7 (full 1):
 PSYoungGen      total 58368K, used 0K [0x00000000eab00000, 0x00000000eed00000, 0x0000000100000000)
  eden space 49152K, 0% used [0x00000000eab00000,0x00000000eab00000,0x00000000edb00000)
  from space 9216K, 0% used [0x00000000ee400000,0x00000000ee400000,0x00000000eed00000)
  to   space 9216K, 0% used [0x00000000edb00000,0x00000000edb00000,0x00000000ee400000)
 ParOldGen       total 47104K, used 11520K [0x00000000c0000000, 0x00000000c2e00000, 0x00000000eab00000)
  object space 47104K, 24% used [0x00000000c0000000,0x00000000c0b40108,0x00000000c2e00000)
 Metaspace       used 20911K, capacity 21212K, committed 21296K, reserved 1067008K
  class space    used 2818K, capacity 2940K, committed 2944K, reserved 1048576K
}
Event: 12.080 GC heap before
{Heap before GC invocations=8 (full 1):
 PSYoungGen      total 58368K, used 49152K [0x00000000eab00000, 0x00000000eed00000, 0x0000000100000000)
  eden space 49152K, 100% used [0x00000000eab00000,0x00000000edb00000,0x00000000edb00000)
  from space 9216K, 0% used [0x00000000ee400000,0x00000000ee400000,0x00000000eed00000)
  to   space 9216K, 0% used [0x00000000edb00000,0x00000000edb00000,0x00000000ee400000)
 ParOldGen       total 47104K, used 11520K [0x00000000c0000000, 0x00000000c2e00000, 0x00000000eab00000)
  object space 47104K, 24% used [0x00000000c0000000,0x00000000c0b40108,0x00000000c2e00000)
 Metaspace       used 24598K, capacity 25054K, committed 25344K, reserved 1071104K
  class space    used 3425K, capacity 3535K, committed 3584K, reserved 1048576K
Event: 12.094 GC heap after
Heap after GC invocations=8 (full 1):
 PSYoungGen      total 58368K, used 5201K [0x00000000eab00000, 0x00000000f0e80000, 0x0000000100000000)
  eden space 49152K, 0% used [0x00000000eab00000,0x00000000eab00000,0x00000000edb00000)
  from space 9216K, 56% used [0x00000000edb00000,0x00000000ee0146e8,0x00000000ee400000)
  to   space 8704K, 0% used [0x00000000f0600000,0x00000000f0600000,0x00000000f0e80000)
 ParOldGen       total 47104K, used 11528K [0x00000000c0000000, 0x00000000c2e00000, 0x00000000eab00000)
  object space 47104K, 24% used [0x00000000c0000000,0x00000000c0b42108,0x00000000c2e00000)
 Metaspace       used 24598K, capacity 25054K, committed 25344K, reserved 1071104K
  class space    used 3425K, capacity 3535K, committed 3584K, reserved 1048576K
}
Event: 14.997 GC heap before
{Heap before GC invocations=9 (full 1):
 PSYoungGen      total 58368K, used 54353K [0x00000000eab00000, 0x00000000f0e80000, 0x0000000100000000)
  eden space 49152K, 100% used [0x00000000eab00000,0x00000000edb00000,0x00000000edb00000)
  from space 9216K, 56% used [0x00000000edb00000,0x00000000ee0146e8,0x00000000ee400000)
  to   space 8704K, 0% used [0x00000000f0600000,0x00000000f0600000,0x00000000f0e80000)
 ParOldGen       total 47104K, used 11528K [0x00000000c0000000, 0x00000000c2e00000, 0x00000000eab00000)
  object space 47104K, 24% used [0x00000000c0000000,0x00000000c0b42108,0x00000000c2e00000)
 Metaspace       used 26931K, capacity 27344K, committed 27648K, reserved 1073152K
  class space    used 3632K, capacity 3762K, committed 3840K, reserved 1048576K
Event: 15.017 GC heap after
Heap after GC invocations=9 (full 1):
 PSYoungGen      total 88064K, used 3579K [0x00000000eab00000, 0x00000000f0c00000, 0x0000000100000000)
  eden space 81920K, 0% used [0x00000000eab00000,0x00000000eab00000,0x00000000efb00000)
  from space 6144K, 58% used [0x00000000f0600000,0x00000000f097efa8,0x00000000f0c00000)
  to   space 8704K, 0% used [0x00000000efb00000,0x00000000efb00000,0x00000000f0380000)
 ParOldGen       total 47104K, used 11536K [0x00000000c0000000, 0x00000000c2e00000, 0x00000000eab00000)
  object space 47104K, 24% used [0x00000000c0000000,0x00000000c0b44108,0x00000000c2e00000)
 Metaspace       used 26931K, capacity 27344K, committed 27648K, reserved 1073152K
  class space    used 3632K, capacity 3762K, committed 3840K, reserved 1048576K
}

